<?xml version="1.0" encoding="UTF-8"?>
<!-- Generated by org.testng.reporters.JUnitReportReporter -->
<testsuite hostname="DESKTOP-GEPL5LP" failures="0" tests="1" name="PracticeFormElements.Text_Box" time="5.990" errors="0" timestamp="2025-02-27T11:40:33 IST" skipped="0">
  <testcase classname="PracticeFormElements.Text_Box" name="TextBoxtest" time="5.990"/>
  <system-out/>
</testsuite> <!-- PracticeFormElements.Text_Box -->
