<?xml version="1.0" encoding="UTF-8"?>
<!-- Generated by org.testng.reporters.JUnitReportReporter -->
<testsuite hostname="DESKTOP-GEPL5LP" failures="0" tests="1" name="PracticeFormElements.alerts_and_popups" time="15.333" errors="0" timestamp="2025-02-27T16:29:39 IST" skipped="0">
  <testcase classname="PracticeFormElements.alerts_and_popups" name="PopUpandAlerttest" time="15.333"/>
  <system-out/>
</testsuite> <!-- PracticeFormElements.alerts_and_popups -->
